2025-09-06 10:22:39,242 [Worker-6: Loading available Gradle versions] INFO  o.e.b.c.i.u.g.PublishedGradleVersions - Gradle version information cache is not available. Remote download required.
2025-09-06 10:34:26,021 [Worker-40: Import Getting Started Content] INFO  o.e.m.c.i.l.LifecycleMappingFactory - Using org.eclipse.m2e.jdt.JarLifecycleMapping lifecycle mapping for MavenProject: com.travel.buketList:travel-bucketlist-backend:0.0.1-SNAPSHOT @ C:\bucket_List\BackEnd\travel-bucketlist-backend\pom.xml.
2025-09-06 10:34:33,000 [Worker-40: Import Getting Started Content] INFO  o.e.m.j.i.AbstractJavaProjectConfigurator - Adding source folder /travel-bucketlist-backend/src/main/java
2025-09-06 10:34:33,009 [Worker-40: Import Getting Started Content] INFO  o.e.m.j.i.AbstractJavaProjectConfigurator - Adding resource folder /travel-bucketlist-backend/src/main/resources
2025-09-06 10:34:33,511 [Worker-40: Import Getting Started Content] INFO  o.e.m.j.i.AbstractJavaProjectConfigurator - Adding resource folder /travel-bucketlist-backend/src/main/resources
2025-09-06 10:34:33,720 [Worker-40: Import Getting Started Content] INFO  o.e.m.j.i.AbstractJavaProjectConfigurator - Adding source folder /travel-bucketlist-backend/src/test/java
2025-09-06 10:34:33,731 [Worker-40: Import Getting Started Content] INFO  o.e.m.j.i.AbstractJavaProjectConfigurator - Adding resource folder /travel-bucketlist-backend/src/test/resources
2025-09-06 10:34:42,862 [Worker-40: Import Getting Started Content] INFO  o.e.m.c.i.p.ProjectConfigurationManager - Imported and configured 1 project(s) in 23 sec
2025-09-06 10:34:42,894 [Worker-40: Import Getting Started Content] INFO  o.e.m.c.i.p.ProjectConfigurationManager - Update started
2025-09-06 10:34:47,398 [Worker-40: Import Getting Started Content] INFO  o.e.m.c.i.l.LifecycleMappingFactory - Using org.eclipse.m2e.jdt.JarLifecycleMapping lifecycle mapping for MavenProject: com.travel.buketList:travel-bucketlist-backend:0.0.1-SNAPSHOT @ C:\bucket_List\BackEnd\travel-bucketlist-backend\pom.xml.
2025-09-06 10:34:51,698 [Worker-40: Import Getting Started Content] INFO  o.e.m.j.i.AbstractJavaProjectConfigurator - Adding source folder /travel-bucketlist-backend/src/main/java
2025-09-06 10:34:51,700 [Worker-40: Import Getting Started Content] INFO  o.e.m.j.i.AbstractJavaProjectConfigurator - Adding resource folder /travel-bucketlist-backend/src/main/resources
2025-09-06 10:34:51,703 [Worker-40: Import Getting Started Content] INFO  o.e.m.j.i.AbstractJavaProjectConfigurator - Adding resource folder /travel-bucketlist-backend/src/main/resources
2025-09-06 10:34:51,704 [Worker-40: Import Getting Started Content] INFO  o.e.m.j.i.AbstractJavaProjectConfigurator - Adding source folder /travel-bucketlist-backend/src/test/java
2025-09-06 10:34:51,707 [Worker-40: Import Getting Started Content] INFO  o.e.m.j.i.AbstractJavaProjectConfigurator - Adding resource folder /travel-bucketlist-backend/src/test/resources
2025-09-06 10:34:54,230 [Worker-40: Import Getting Started Content] INFO  o.e.m.c.i.p.ProjectConfigurationManager - Update completed for 1 poms: local refresh takes 0.00 sec, refresh facades takes 8.00 sec, update config takes 1.00 sec 
2025-09-06 10:34:59,038 [Worker-40: Building] INFO  o.a.m.s.f.DefaultMavenResourcesFiltering - Copying 1 resource from src\main\resources to target\classes
2025-09-06 10:34:59,085 [Worker-40: Building] INFO  o.a.m.s.f.DefaultMavenResourcesFiltering - Copying 0 resource from src\main\resources to target\classes
2025-09-06 10:34:59,097 [Worker-40: Building] INFO  o.a.m.s.f.DefaultMavenResourcesFiltering - skip non existing resourceDirectory C:\bucket_List\BackEnd\travel-bucketlist-backend\src\test\resources
2025-09-06 11:18:49,099 [Worker-55: Building] INFO  o.a.m.s.f.DefaultMavenResourcesFiltering - Copying 0 resource from src\main\resources to target\classes
2025-09-06 11:18:49,105 [Worker-55: Building] INFO  o.a.m.s.f.DefaultMavenResourcesFiltering - Copying 0 resource from src\main\resources to target\classes
2025-09-06 11:18:49,116 [Worker-55: Building] INFO  o.a.m.s.f.DefaultMavenResourcesFiltering - skip non existing resourceDirectory C:\bucket_List\BackEnd\travel-bucketlist-backend\src\test\resources
2025-09-06 11:19:05,462 [Worker-56: Building] INFO  o.a.m.s.f.DefaultMavenResourcesFiltering - Copying 0 resource from src\main\resources to target\classes
2025-09-06 11:19:05,466 [Worker-56: Building] INFO  o.a.m.s.f.DefaultMavenResourcesFiltering - Copying 0 resource from src\main\resources to target\classes
2025-09-06 11:19:05,473 [Worker-56: Building] INFO  o.a.m.s.f.DefaultMavenResourcesFiltering - skip non existing resourceDirectory C:\bucket_List\BackEnd\travel-bucketlist-backend\src\test\resources
2025-09-06 11:19:23,389 [Worker-51: Building] INFO  o.a.m.s.f.DefaultMavenResourcesFiltering - Copying 1 resource from src\main\resources to target\classes
2025-09-06 11:19:23,401 [Worker-51: Building] INFO  o.a.m.s.f.DefaultMavenResourcesFiltering - Copying 0 resource from src\main\resources to target\classes
2025-09-06 11:19:23,415 [Worker-51: Building] INFO  o.a.m.s.f.DefaultMavenResourcesFiltering - skip non existing resourceDirectory C:\bucket_List\BackEnd\travel-bucketlist-backend\src\test\resources
2025-09-06 11:19:40,128 [Worker-53: Building] INFO  o.a.m.s.f.DefaultMavenResourcesFiltering - Copying 1 resource from src\main\resources to target\classes
2025-09-06 11:19:40,139 [Worker-53: Building] INFO  o.a.m.s.f.DefaultMavenResourcesFiltering - Copying 0 resource from src\main\resources to target\classes
2025-09-06 11:19:40,147 [Worker-53: Building] INFO  o.a.m.s.f.DefaultMavenResourcesFiltering - skip non existing resourceDirectory C:\bucket_List\BackEnd\travel-bucketlist-backend\src\test\resources
2025-09-06 11:20:39,847 [Worker-56: Building] INFO  o.a.m.s.f.DefaultMavenResourcesFiltering - Copying 1 resource from src\main\resources to target\classes
2025-09-06 11:20:39,869 [Worker-56: Building] INFO  o.a.m.s.f.DefaultMavenResourcesFiltering - Copying 0 resource from src\main\resources to target\classes
2025-09-06 11:20:39,877 [Worker-56: Building] INFO  o.a.m.s.f.DefaultMavenResourcesFiltering - skip non existing resourceDirectory C:\bucket_List\BackEnd\travel-bucketlist-backend\src\test\resources
2025-09-06 11:30:53,369 [Worker-57: Import Getting Started Content] INFO  o.e.m.c.i.l.LifecycleMappingFactory - Using org.eclipse.m2e.jdt.JarLifecycleMapping lifecycle mapping for MavenProject: com.travel.buketList:travel-bucketlist-backend:0.0.1-SNAPSHOT @ C:\bucket_List\BackEnd\travel-bucketlist-backend\pom.xml.
2025-09-06 11:30:55,820 [Worker-57: Import Getting Started Content] INFO  o.e.m.j.i.AbstractJavaProjectConfigurator - Adding source folder /travel-bucketlist-backend/src/main/java
2025-09-06 11:30:55,822 [Worker-57: Import Getting Started Content] INFO  o.e.m.j.i.AbstractJavaProjectConfigurator - Adding resource folder /travel-bucketlist-backend/src/main/resources
2025-09-06 11:30:55,831 [Worker-57: Import Getting Started Content] INFO  o.e.m.j.i.AbstractJavaProjectConfigurator - Adding resource folder /travel-bucketlist-backend/src/main/resources
2025-09-06 11:30:55,838 [Worker-57: Import Getting Started Content] INFO  o.e.m.j.i.AbstractJavaProjectConfigurator - Adding source folder /travel-bucketlist-backend/src/test/java
2025-09-06 11:30:55,840 [Worker-57: Import Getting Started Content] INFO  o.e.m.j.i.AbstractJavaProjectConfigurator - Adding resource folder /travel-bucketlist-backend/src/test/resources
2025-09-06 11:30:56,498 [Worker-57: Import Getting Started Content] INFO  o.e.m.c.i.p.ProjectConfigurationManager - Imported and configured 1 project(s) in 4 sec
2025-09-06 11:30:56,501 [Worker-57: Import Getting Started Content] INFO  o.e.m.c.i.p.ProjectConfigurationManager - Update started
2025-09-06 11:30:57,221 [Worker-57: Import Getting Started Content] INFO  o.e.m.c.i.l.LifecycleMappingFactory - Using org.eclipse.m2e.jdt.JarLifecycleMapping lifecycle mapping for MavenProject: com.travel.buketList:travel-bucketlist-backend:0.0.1-SNAPSHOT @ C:\bucket_List\BackEnd\travel-bucketlist-backend\pom.xml.
2025-09-06 11:30:58,624 [Worker-57: Import Getting Started Content] INFO  o.e.m.j.i.AbstractJavaProjectConfigurator - Adding source folder /travel-bucketlist-backend/src/main/java
2025-09-06 11:30:58,626 [Worker-57: Import Getting Started Content] INFO  o.e.m.j.i.AbstractJavaProjectConfigurator - Adding resource folder /travel-bucketlist-backend/src/main/resources
2025-09-06 11:30:58,627 [Worker-57: Import Getting Started Content] INFO  o.e.m.j.i.AbstractJavaProjectConfigurator - Adding resource folder /travel-bucketlist-backend/src/main/resources
2025-09-06 11:30:58,628 [Worker-57: Import Getting Started Content] INFO  o.e.m.j.i.AbstractJavaProjectConfigurator - Adding source folder /travel-bucketlist-backend/src/test/java
2025-09-06 11:30:58,629 [Worker-57: Import Getting Started Content] INFO  o.e.m.j.i.AbstractJavaProjectConfigurator - Adding resource folder /travel-bucketlist-backend/src/test/resources
2025-09-06 11:31:00,506 [Worker-57: Import Getting Started Content] INFO  o.e.m.c.i.p.ProjectConfigurationManager - Update completed for 1 poms: local refresh takes 0.00 sec, refresh facades takes 2.00 sec, update config takes 0.00 sec 
2025-09-06 11:31:01,208 [Worker-70: Building] INFO  o.a.m.s.f.DefaultMavenResourcesFiltering - Copying 1 resource from src\main\resources to target\classes
2025-09-06 11:31:01,308 [Worker-70: Building] INFO  o.a.m.s.f.DefaultMavenResourcesFiltering - Copying 0 resource from src\main\resources to target\classes
2025-09-06 11:31:01,320 [Worker-70: Building] INFO  o.a.m.s.f.DefaultMavenResourcesFiltering - skip non existing resourceDirectory C:\bucket_List\BackEnd\travel-bucketlist-backend\src\test\resources
2025-09-06 11:32:03,340 [Worker-65: Building] INFO  o.a.m.s.f.DefaultMavenResourcesFiltering - Copying 1 resource from src\main\resources to target\classes
2025-09-06 11:32:03,352 [Worker-65: Building] INFO  o.a.m.s.f.DefaultMavenResourcesFiltering - Copying 0 resource from src\main\resources to target\classes
2025-09-06 11:32:03,360 [Worker-65: Building] INFO  o.a.m.s.f.DefaultMavenResourcesFiltering - skip non existing resourceDirectory C:\bucket_List\BackEnd\travel-bucketlist-backend\src\test\resources
2025-09-06 11:37:15,009 [Worker-74: Building] INFO  o.a.m.s.f.DefaultMavenResourcesFiltering - Copying 1 resource from src\main\resources to target\classes
2025-09-06 11:37:15,025 [Worker-74: Building] INFO  o.a.m.s.f.DefaultMavenResourcesFiltering - Copying 0 resource from src\main\resources to target\classes
2025-09-06 11:37:15,031 [Worker-74: Building] INFO  o.a.m.s.f.DefaultMavenResourcesFiltering - skip non existing resourceDirectory C:\bucket_List\BackEnd\travel-bucketlist-backend\src\test\resources
2025-09-06 11:37:26,927 [Worker-72: Building] INFO  o.a.m.s.f.DefaultMavenResourcesFiltering - Copying 1 resource from src\main\resources to target\classes
2025-09-06 11:37:26,936 [Worker-72: Building] INFO  o.a.m.s.f.DefaultMavenResourcesFiltering - Copying 0 resource from src\main\resources to target\classes
2025-09-06 11:37:26,944 [Worker-72: Building] INFO  o.a.m.s.f.DefaultMavenResourcesFiltering - skip non existing resourceDirectory C:\bucket_List\BackEnd\travel-bucketlist-backend\src\test\resources
2025-09-06 11:37:40,279 [Worker-74: Building] INFO  o.a.m.s.f.DefaultMavenResourcesFiltering - Copying 1 resource from src\main\resources to target\classes
2025-09-06 11:37:40,286 [Worker-74: Building] INFO  o.a.m.s.f.DefaultMavenResourcesFiltering - Copying 0 resource from src\main\resources to target\classes
2025-09-06 11:37:40,291 [Worker-74: Building] INFO  o.a.m.s.f.DefaultMavenResourcesFiltering - skip non existing resourceDirectory C:\bucket_List\BackEnd\travel-bucketlist-backend\src\test\resources
2025-09-06 11:39:24,766 [Worker-74: Building] INFO  o.a.m.s.f.DefaultMavenResourcesFiltering - Copying 1 resource from src\main\resources to target\classes
2025-09-06 11:39:24,780 [Worker-74: Building] INFO  o.a.m.s.f.DefaultMavenResourcesFiltering - Copying 0 resource from src\main\resources to target\classes
2025-09-06 11:39:24,785 [Worker-74: Building] INFO  o.a.m.s.f.DefaultMavenResourcesFiltering - skip non existing resourceDirectory C:\bucket_List\BackEnd\travel-bucketlist-backend\src\test\resources
2025-09-06 11:39:28,130 [Worker-74: Building] INFO  o.a.m.s.f.DefaultMavenResourcesFiltering - Copying 1 resource from src\main\resources to target\classes
2025-09-06 11:39:28,143 [Worker-74: Building] INFO  o.a.m.s.f.DefaultMavenResourcesFiltering - Copying 0 resource from src\main\resources to target\classes
2025-09-06 11:39:28,148 [Worker-74: Building] INFO  o.a.m.s.f.DefaultMavenResourcesFiltering - skip non existing resourceDirectory C:\bucket_List\BackEnd\travel-bucketlist-backend\src\test\resources
2025-09-06 11:40:19,872 [Worker-71: Building] INFO  o.a.m.s.f.DefaultMavenResourcesFiltering - Copying 1 resource from src\main\resources to target\classes
2025-09-06 11:40:19,885 [Worker-71: Building] INFO  o.a.m.s.f.DefaultMavenResourcesFiltering - Copying 0 resource from src\main\resources to target\classes
2025-09-06 11:40:19,890 [Worker-71: Building] INFO  o.a.m.s.f.DefaultMavenResourcesFiltering - skip non existing resourceDirectory C:\bucket_List\BackEnd\travel-bucketlist-backend\src\test\resources
2025-09-06 11:40:44,379 [Worker-74: Building] INFO  o.a.m.s.f.DefaultMavenResourcesFiltering - Copying 1 resource from src\main\resources to target\classes
2025-09-06 11:40:44,396 [Worker-74: Building] INFO  o.a.m.s.f.DefaultMavenResourcesFiltering - Copying 0 resource from src\main\resources to target\classes
2025-09-06 11:40:44,401 [Worker-74: Building] INFO  o.a.m.s.f.DefaultMavenResourcesFiltering - skip non existing resourceDirectory C:\bucket_List\BackEnd\travel-bucketlist-backend\src\test\resources
2025-09-06 11:41:20,952 [Worker-73: Building] INFO  o.a.m.s.f.DefaultMavenResourcesFiltering - Copying 1 resource from src\main\resources to target\classes
2025-09-06 11:41:20,961 [Worker-73: Building] INFO  o.a.m.s.f.DefaultMavenResourcesFiltering - Copying 0 resource from src\main\resources to target\classes
2025-09-06 11:41:20,967 [Worker-73: Building] INFO  o.a.m.s.f.DefaultMavenResourcesFiltering - skip non existing resourceDirectory C:\bucket_List\BackEnd\travel-bucketlist-backend\src\test\resources
2025-09-06 11:42:00,269 [Worker-71: Building] INFO  o.a.m.s.f.DefaultMavenResourcesFiltering - Copying 1 resource from src\main\resources to target\classes
2025-09-06 11:42:00,277 [Worker-71: Building] INFO  o.a.m.s.f.DefaultMavenResourcesFiltering - Copying 0 resource from src\main\resources to target\classes
2025-09-06 11:42:00,283 [Worker-71: Building] INFO  o.a.m.s.f.DefaultMavenResourcesFiltering - skip non existing resourceDirectory C:\bucket_List\BackEnd\travel-bucketlist-backend\src\test\resources
2025-09-06 11:43:33,383 [Worker-71: Building] INFO  o.a.m.s.f.DefaultMavenResourcesFiltering - Copying 1 resource from src\main\resources to target\classes
2025-09-06 11:43:33,398 [Worker-71: Building] INFO  o.a.m.s.f.DefaultMavenResourcesFiltering - Copying 0 resource from src\main\resources to target\classes
2025-09-06 11:43:33,404 [Worker-71: Building] INFO  o.a.m.s.f.DefaultMavenResourcesFiltering - skip non existing resourceDirectory C:\bucket_List\BackEnd\travel-bucketlist-backend\src\test\resources
2025-09-06 11:46:44,886 [Worker-71: Building] INFO  o.a.m.s.f.DefaultMavenResourcesFiltering - Copying 1 resource from src\main\resources to target\classes
2025-09-06 11:46:44,899 [Worker-71: Building] INFO  o.a.m.s.f.DefaultMavenResourcesFiltering - Copying 0 resource from src\main\resources to target\classes
2025-09-06 11:46:44,904 [Worker-71: Building] INFO  o.a.m.s.f.DefaultMavenResourcesFiltering - skip non existing resourceDirectory C:\bucket_List\BackEnd\travel-bucketlist-backend\src\test\resources
2025-09-06 11:48:50,312 [Worker-78: Building] INFO  o.e.m.c.i.l.LifecycleMappingFactory - Using org.eclipse.m2e.jdt.JarLifecycleMapping lifecycle mapping for MavenProject: com.travel.buketList:travel-bucketlist-backend:0.0.1-SNAPSHOT @ C:\bucket_List\BackEnd\travel-bucketlist-backend\pom.xml.
2025-09-06 11:49:21,847 [Worker-77: Building] INFO  o.e.m.c.i.l.LifecycleMappingFactory - Using org.eclipse.m2e.jdt.JarLifecycleMapping lifecycle mapping for MavenProject: com.travel.buketList:travel-bucketlist-backend:0.0.1-SNAPSHOT @ C:\bucket_List\BackEnd\travel-bucketlist-backend\pom.xml.
2025-09-06 11:49:23,289 [Worker-77: Building] INFO  o.a.m.s.f.DefaultMavenResourcesFiltering - Copying 0 resource from src\main\resources to target\classes
2025-09-06 11:49:23,292 [Worker-77: Building] INFO  o.a.m.s.f.DefaultMavenResourcesFiltering - Copying 0 resource from src\main\resources to target\classes
2025-09-06 11:49:23,307 [Worker-77: Building] INFO  o.a.m.s.f.DefaultMavenResourcesFiltering - skip non existing resourceDirectory C:\bucket_List\BackEnd\travel-bucketlist-backend\src\test\resources
2025-09-06 11:49:23,688 [Worker-71: Building] INFO  o.a.m.s.f.DefaultMavenResourcesFiltering - Copying 1 resource from src\main\resources to target\classes
2025-09-06 11:49:23,808 [Worker-71: Building] INFO  o.a.m.s.f.DefaultMavenResourcesFiltering - Copying 0 resource from src\main\resources to target\classes
2025-09-06 11:49:23,813 [Worker-71: Building] INFO  o.a.m.s.f.DefaultMavenResourcesFiltering - skip non existing resourceDirectory C:\bucket_List\BackEnd\travel-bucketlist-backend\src\test\resources
2025-09-06 11:49:55,899 [Worker-81: Building] INFO  o.e.m.c.i.l.LifecycleMappingFactory - Using org.eclipse.m2e.jdt.JarLifecycleMapping lifecycle mapping for MavenProject: com.travel.buketList:travel-bucketlist-backend:0.0.1-SNAPSHOT @ C:\bucket_List\BackEnd\travel-bucketlist-backend\pom.xml.
2025-09-06 11:53:21,830 [Worker-79: Building] INFO  o.e.m.c.i.l.LifecycleMappingFactory - Using org.eclipse.m2e.jdt.JarLifecycleMapping lifecycle mapping for MavenProject: com.travel.buketList:travel-bucketlist-backend:0.0.1-SNAPSHOT @ C:\bucket_List\BackEnd\travel-bucketlist-backend\pom.xml.
2025-09-06 11:53:23,118 [Worker-79: Building] INFO  o.a.m.s.f.DefaultMavenResourcesFiltering - Copying 0 resource from src\main\resources to target\classes
2025-09-06 11:53:23,120 [Worker-79: Building] INFO  o.a.m.s.f.DefaultMavenResourcesFiltering - Copying 0 resource from src\main\resources to target\classes
2025-09-06 11:53:23,131 [Worker-79: Building] INFO  o.a.m.s.f.DefaultMavenResourcesFiltering - skip non existing resourceDirectory C:\bucket_List\BackEnd\travel-bucketlist-backend\src\test\resources
2025-09-06 11:53:23,441 [Worker-80: Building] INFO  o.a.m.s.f.DefaultMavenResourcesFiltering - Copying 1 resource from src\main\resources to target\classes
2025-09-06 11:53:23,501 [Worker-80: Building] INFO  o.a.m.s.f.DefaultMavenResourcesFiltering - Copying 0 resource from src\main\resources to target\classes
2025-09-06 11:53:23,507 [Worker-80: Building] INFO  o.a.m.s.f.DefaultMavenResourcesFiltering - skip non existing resourceDirectory C:\bucket_List\BackEnd\travel-bucketlist-backend\src\test\resources
2025-09-06 11:53:34,633 [Worker-83: Updating Maven Project] INFO  o.e.m.c.i.p.ProjectConfigurationManager - Update started
2025-09-06 11:53:35,095 [Worker-83: Updating Maven Project] INFO  o.e.m.c.i.l.LifecycleMappingFactory - Using org.eclipse.m2e.jdt.JarLifecycleMapping lifecycle mapping for MavenProject: com.travel.buketList:travel-bucketlist-backend:0.0.1-SNAPSHOT @ C:\bucket_List\BackEnd\travel-bucketlist-backend\pom.xml.
2025-09-06 11:53:35,792 [Worker-83: Updating Maven Project] INFO  o.e.m.j.i.AbstractJavaProjectConfigurator - Adding source folder /travel-bucketlist-backend/src/main/java
2025-09-06 11:53:35,793 [Worker-83: Updating Maven Project] INFO  o.e.m.j.i.AbstractJavaProjectConfigurator - Adding resource folder /travel-bucketlist-backend/src/main/resources
2025-09-06 11:53:35,793 [Worker-83: Updating Maven Project] INFO  o.e.m.j.i.AbstractJavaProjectConfigurator - Adding resource folder /travel-bucketlist-backend/src/main/resources
2025-09-06 11:53:35,794 [Worker-83: Updating Maven Project] INFO  o.e.m.j.i.AbstractJavaProjectConfigurator - Adding source folder /travel-bucketlist-backend/src/test/java
2025-09-06 11:53:35,795 [Worker-83: Updating Maven Project] INFO  o.e.m.j.i.AbstractJavaProjectConfigurator - Adding resource folder /travel-bucketlist-backend/src/test/resources
2025-09-06 11:53:36,181 [Worker-83: Updating Maven Project] INFO  o.e.m.c.i.p.ProjectConfigurationManager - Update completed for 1 poms: local refresh takes 0.00 sec, refresh facades takes 1.00 sec, update config takes 0.00 sec 
2025-09-06 11:53:36,550 [Worker-83: Building] INFO  o.a.m.s.f.DefaultMavenResourcesFiltering - Copying 1 resource from src\main\resources to target\classes
2025-09-06 11:53:36,573 [Worker-83: Building] INFO  o.a.m.s.f.DefaultMavenResourcesFiltering - Copying 0 resource from src\main\resources to target\classes
2025-09-06 11:53:36,580 [Worker-83: Building] INFO  o.a.m.s.f.DefaultMavenResourcesFiltering - skip non existing resourceDirectory C:\bucket_List\BackEnd\travel-bucketlist-backend\src\test\resources
2025-09-06 12:06:10,994 [Worker-80: Building] INFO  o.a.m.s.f.DefaultMavenResourcesFiltering - Copying 1 resource from src\main\resources to target\classes
2025-09-06 12:06:11,013 [Worker-80: Building] INFO  o.a.m.s.f.DefaultMavenResourcesFiltering - Copying 0 resource from src\main\resources to target\classes
2025-09-06 12:06:11,017 [Worker-80: Building] INFO  o.a.m.s.f.DefaultMavenResourcesFiltering - skip non existing resourceDirectory C:\bucket_List\BackEnd\travel-bucketlist-backend\src\test\resources
2025-09-06 12:17:09,048 [Worker-86: Launching travel-bucketlist-backend - TravelBucketlistBackendApplication] INFO  o.a.m.s.f.DefaultMavenResourcesFiltering - Copying 1 resource from src\main\resources to target\classes
2025-09-06 12:17:09,109 [Worker-86: Launching travel-bucketlist-backend - TravelBucketlistBackendApplication] INFO  o.a.m.s.f.DefaultMavenResourcesFiltering - Copying 0 resource from src\main\resources to target\classes
2025-09-06 12:17:09,119 [Worker-86: Launching travel-bucketlist-backend - TravelBucketlistBackendApplication] INFO  o.a.m.s.f.DefaultMavenResourcesFiltering - skip non existing resourceDirectory C:\bucket_List\BackEnd\travel-bucketlist-backend\src\test\resources
2025-09-06 13:04:23,067 [Worker-90: Building] INFO  o.e.m.c.i.l.LifecycleMappingFactory - Using org.eclipse.m2e.jdt.JarLifecycleMapping lifecycle mapping for MavenProject: com.travel.buketList:travel-bucketlist-backend:0.0.1-SNAPSHOT @ C:\bucket_List\BackEnd\travel-bucketlist-backend\pom.xml.
2025-09-06 13:04:24,779 [Worker-90: Building] INFO  o.a.m.s.f.DefaultMavenResourcesFiltering - Copying 0 resource from src\main\resources to target\classes
2025-09-06 13:04:24,781 [Worker-90: Building] INFO  o.a.m.s.f.DefaultMavenResourcesFiltering - Copying 0 resource from src\main\resources to target\classes
2025-09-06 13:04:24,793 [Worker-90: Building] INFO  o.a.m.s.f.DefaultMavenResourcesFiltering - skip non existing resourceDirectory C:\bucket_List\BackEnd\travel-bucketlist-backend\src\test\resources
2025-09-06 13:09:27,758 [Worker-92: Building] INFO  o.e.m.c.i.l.LifecycleMappingFactory - Using org.maven.ide.eclipse.wtp.WarLifecycleMapping lifecycle mapping for MavenProject: com.travel.buketList:travel-bucketlist-backend:0.0.1-SNAPSHOT @ C:\bucket_List\BackEnd\travel-bucketlist-backend\pom.xml.
2025-09-06 13:09:31,610 [Worker-92: Building] INFO  o.a.m.s.f.DefaultMavenResourcesFiltering - Copying 0 resource from src\main\resources to target\classes
2025-09-06 13:09:31,612 [Worker-92: Building] INFO  o.a.m.s.f.DefaultMavenResourcesFiltering - Copying 0 resource from src\main\resources to target\classes
2025-09-06 13:09:31,618 [Worker-92: Building] INFO  o.a.m.s.f.DefaultMavenResourcesFiltering - skip non existing resourceDirectory C:\bucket_List\BackEnd\travel-bucketlist-backend\src\test\resources
2025-09-06 13:09:31,626 [Worker-92: Building] INFO  o.e.m.w.i.f.ResourceFilteringBuildParticipant - Changed resources require a complete clean of filtered resources of travel-bucketlist-backend
2025-09-06 13:09:31,627 [Worker-92: Building] INFO  o.e.m.w.i.f.ResourceFilteringBuildParticipant - Executing resource filtering for travel-bucketlist-backend
2025-09-06 13:09:31,753 [Worker-92: Updating Maven Project] INFO  o.e.m.c.i.p.ProjectConfigurationManager - Update started
2025-09-06 13:09:32,322 [Worker-92: Updating Maven Project] INFO  o.e.m.c.i.l.LifecycleMappingFactory - Using org.maven.ide.eclipse.wtp.WarLifecycleMapping lifecycle mapping for MavenProject: com.travel.buketList:travel-bucketlist-backend:0.0.1-SNAPSHOT @ C:\bucket_List\BackEnd\travel-bucketlist-backend\pom.xml.
2025-09-06 13:09:33,861 [Worker-92: Updating Maven Project] INFO  o.e.m.j.i.AbstractJavaProjectConfigurator - Adding source folder /travel-bucketlist-backend/src/main/java
2025-09-06 13:09:33,863 [Worker-92: Updating Maven Project] INFO  o.e.m.j.i.AbstractJavaProjectConfigurator - Adding resource folder /travel-bucketlist-backend/src/main/resources
2025-09-06 13:09:33,863 [Worker-92: Updating Maven Project] INFO  o.e.m.j.i.AbstractJavaProjectConfigurator - Adding resource folder /travel-bucketlist-backend/src/main/resources
2025-09-06 13:09:33,864 [Worker-92: Updating Maven Project] INFO  o.e.m.j.i.AbstractJavaProjectConfigurator - Adding source folder /travel-bucketlist-backend/src/test/java
2025-09-06 13:09:33,865 [Worker-92: Updating Maven Project] INFO  o.e.m.j.i.AbstractJavaProjectConfigurator - Adding resource folder /travel-bucketlist-backend/src/test/resources
2025-09-06 13:09:38,322 [Worker-92: Updating Maven Project] INFO  o.e.m.w.i.f.ResourceFilteringBuildParticipant - Cleaning filtered folder for travel-bucketlist-backend
2025-09-06 13:09:38,885 [Worker-92: Updating Maven Project] INFO  o.e.m.c.i.p.ProjectConfigurationManager - Update completed for 1 poms: local refresh takes 0.00 sec, refresh facades takes 1.00 sec, update config takes 4.00 sec 
2025-09-06 13:09:39,678 [Worker-95: Building] INFO  o.a.m.s.f.DefaultMavenResourcesFiltering - Copying 1 resource from src\main\resources to target\classes
2025-09-06 13:09:39,728 [Worker-95: Building] INFO  o.a.m.s.f.DefaultMavenResourcesFiltering - Copying 0 resource from src\main\resources to target\classes
2025-09-06 13:09:39,738 [Worker-95: Building] INFO  o.a.m.s.f.DefaultMavenResourcesFiltering - skip non existing resourceDirectory C:\bucket_List\BackEnd\travel-bucketlist-backend\src\test\resources
2025-09-06 13:09:39,739 [Worker-95: Building] INFO  o.e.m.w.i.f.ResourceFilteringBuildParticipant - Changed resources require a complete clean of filtered resources of travel-bucketlist-backend
2025-09-06 13:09:39,739 [Worker-95: Building] INFO  o.e.m.w.i.f.ResourceFilteringBuildParticipant - Executing resource filtering for travel-bucketlist-backend
2025-09-30 11:05:38,956 [Worker-0: Loading available Gradle versions] INFO  o.e.b.c.i.u.g.PublishedGradleVersions - Gradle version information cache is up-to-date. Trying to read.
